<?xml version="1.0" encoding="UTF-8"?>
<testsuite name="KhushbooTutorialTest" tests="1" skipped="0" failures="0" errors="0" timestamp="2014-07-30T21:01:31" hostname="CADT1027" time="0.001">
  <properties/>
  <testcase name="testGetMesg" classname="KhushbooTutorialTest" time="0.001"/>
  <system-out><![CDATA[]]></system-out>
  <system-err><![CDATA[]]></system-err>
</testsuite>
